# JRE version: OpenJDK Runtime Environment (8.0_312-b07) (build 1.8.0_312-8u312-b07-0ubuntu1~18.04-b07)
# Java VM: OpenJDK 64-Bit Server VM (25.312-b07 mixed mode linux-amd64 compressed oops)
Heap:
 def new generation   total 22080K, used 6391K [0x00000000f0800000, 0x00000000f1ff0000, 0x00000000f5aa0000)
  eden space 19648K,  21% used [0x00000000f0800000, 0x00000000f0c205f8, 0x00000000f1b30000)
  from space 2432K,  89% used [0x00000000f1d90000, 0x00000000f1fad710, 0x00000000f1ff0000)
  to   space 2432K,   0% used [0x00000000f1b30000, 0x00000000f1b30000, 0x00000000f1d90000)
 tenured generation   total 48860K, used 35746K [0x00000000f5aa0000, 0x00000000f8a57000, 0x0000000100000000)
   the space 48860K,  73% used [0x00000000f5aa0000, 0x00000000f7d88bc8, 0x00000000f7d88c00, 0x00000000f8a57000)
 Metaspace       used 57595K, capacity 59304K, committed 59392K, reserved 1101824K
  class space    used 6719K, capacity 7082K, committed 7168K, reserved 1048576K
GC Heap History (10 events):
Event: 66.039 GC heap before
{Heap before GC invocations=196 (full 4):
 def new generation   total 22080K, used 20026K [0x00000000f0800000, 0x00000000f1ff0000, 0x00000000f5aa0000)
  eden space 19648K, 100% used [0x00000000f0800000, 0x00000000f1b30000, 0x00000000f1b30000)
  from space 2432K,  15% used [0x00000000f1b30000, 0x00000000f1b8eaa0, 0x00000000f1d90000)
  to   space 2432K,   0% used [0x00000000f1d90000, 0x00000000f1d90000, 0x00000000f1ff0000)
 tenured generation   total 48860K, used 35350K [0x00000000f5aa0000, 0x00000000f8a57000, 0x0000000100000000)
   the space 48860K,  72% used [0x00000000f5aa0000, 0x00000000f7d25bd0, 0x00000000f7d25c00, 0x00000000f8a57000)
 Metaspace       used 55809K, capacity 57354K, committed 57600K, reserved 1099776K
  class space    used 6501K, capacity 6805K, committed 6912K, reserved 1048576K
Event: 66.128 GC heap after
Heap after GC invocations=197 (full 4):
 def new generation   total 22080K, used 568K [0x00000000f0800000, 0x00000000f1ff0000, 0x00000000f5aa0000)
  eden space 19648K,   0% used [0x00000000f0800000, 0x00000000f0800000, 0x00000000f1b30000)
  from space 2432K,  23% used [0x00000000f1d90000, 0x00000000f1e1e038, 0x00000000f1ff0000)
  to   space 2432K,   0% used [0x00000000f1b30000, 0x00000000f1b30000, 0x00000000f1d90000)
 tenured generation   total 48860K, used 35350K [0x00000000f5aa0000, 0x00000000f8a57000, 0x0000000100000000)
   the space 48860K,  72% used [0x00000000f5aa0000, 0x00000000f7d25bd0, 0x00000000f7d25c00, 0x00000000f8a57000)
 Metaspace       used 55809K, capacity 57354K, committed 57600K, reserved 1099776K
  class space    used 6501K, capacity 6805K, committed 6912K, reserved 1048576K
}
Event: 66.953 GC heap before
{Heap before GC invocations=197 (full 4):
 def new generation   total 22080K, used 20216K [0x00000000f0800000, 0x00000000f1ff0000, 0x00000000f5aa0000)
  eden space 19648K, 100% used [0x00000000f0800000, 0x00000000f1b30000, 0x00000000f1b30000)
  from space 2432K,  23% used [0x00000000f1d90000, 0x00000000f1e1e038, 0x00000000f1ff0000)
  to   space 2432K,   0% used [0x00000000f1b30000, 0x00000000f1b30000, 0x00000000f1d90000)
 tenured generation   total 48860K, used 35350K [0x00000000f5aa0000, 0x00000000f8a57000, 0x0000000100000000)
   the space 48860K,  72% used [0x00000000f5aa0000, 0x00000000f7d25bd0, 0x00000000f7d25c00, 0x00000000f8a57000)
 Metaspace       used 55835K, capacity 57358K, committed 57600K, reserved 1099776K
  class space    used 6501K, capacity 6805K, committed 6912K, reserved 1048576K
Event: 66.966 GC heap after
Heap after GC invocations=198 (full 4):
 def new generation   total 22080K, used 500K [0x00000000f0800000, 0x00000000f1ff0000, 0x00000000f5aa0000)
  eden space 19648K,   0% used [0x00000000f0800000, 0x00000000f0800000, 0x00000000f1b30000)
  from space 2432K,  20% used [0x00000000f1b30000, 0x00000000f1bad1c0, 0x00000000f1d90000)
  to   space 2432K,   0% used [0x00000000f1d90000, 0x00000000f1d90000, 0x00000000f1ff0000)
 tenured generation   total 48860K, used 35350K [0x00000000f5aa0000, 0x00000000f8a57000, 0x0000000100000000)
   the space 48860K,  72% used [0x00000000f5aa0000, 0x00000000f7d25bd0, 0x00000000f7d25c00, 0x00000000f8a57000)
 Metaspace       used 55835K, capacity 57358K, committed 57600K, reserved 1099776K
  class space    used 6501K, capacity 6805K, committed 6912K, reserved 1048576K
}
Event: 68.397 GC heap before
{Heap before GC invocations=198 (full 4):
 def new generation   total 22080K, used 20148K [0x00000000f0800000, 0x00000000f1ff0000, 0x00000000f5aa0000)
  eden space 19648K, 100% used [0x00000000f0800000, 0x00000000f1b30000, 0x00000000f1b30000)
  from space 2432K,  20% used [0x00000000f1b30000, 0x00000000f1bad1c0, 0x00000000f1d90000)
  to   space 2432K,   0% used [0x00000000f1d90000, 0x00000000f1d90000, 0x00000000f1ff0000)
 tenured generation   total 48860K, used 35350K [0x00000000f5aa0000, 0x00000000f8a57000, 0x0000000100000000)
   the space 48860K,  72% used [0x00000000f5aa0000, 0x00000000f7d25bd0, 0x00000000f7d25c00, 0x00000000f8a57000)
 Metaspace       used 56568K, capacity 58046K, committed 58112K, reserved 1099776K
  class space    used 6605K, capacity 6903K, committed 6912K, reserved 1048576K
Event: 68.422 GC heap after
Heap after GC invocations=199 (full 4):
 def new generation   total 22080K, used 1447K [0x00000000f0800000, 0x00000000f1ff0000, 0x00000000f5aa0000)
  eden space 19648K,   0% used [0x00000000f0800000, 0x00000000f0800000, 0x00000000f1b30000)
  from space 2432K,  59% used [0x00000000f1d90000, 0x00000000f1ef9fd8, 0x00000000f1ff0000)
  to   space 2432K,   0% used [0x00000000f1b30000, 0x00000000f1b30000, 0x00000000f1d90000)
 tenured generation   total 48860K, used 35350K [0x00000000f5aa0000, 0x00000000f8a57000, 0x0000000100000000)
   the space 48860K,  72% used [0x00000000f5aa0000, 0x00000000f7d25bd0, 0x00000000f7d25c00, 0x00000000f8a57000)
 Metaspace       used 56568K, capacity 58046K, committed 58112K, reserved 1099776K
  class space    used 6605K, capacity 6903K, committed 6912K, reserved 1048576K
}
Event: 79.013 GC heap before
{Heap before GC invocations=199 (full 4):
 def new generation   total 22080K, used 21095K [0x00000000f0800000, 0x00000000f1ff0000, 0x00000000f5aa0000)
  eden space 19648K, 100% used [0x00000000f0800000, 0x00000000f1b30000, 0x00000000f1b30000)
  from space 2432K,  59% used [0x00000000f1d90000, 0x00000000f1ef9fd8, 0x00000000f1ff0000)
  to   space 2432K,   0% used [0x00000000f1b30000, 0x00000000f1b30000, 0x00000000f1d90000)
 tenured generation   total 48860K, used 35350K [0x00000000f5aa0000, 0x00000000f8a57000, 0x0000000100000000)
   the space 48860K,  72% used [0x00000000f5aa0000, 0x00000000f7d25bd0, 0x00000000f7d25c00, 0x00000000f8a57000)
 Metaspace       used 57051K, capacity 58560K, committed 58752K, reserved 1101824K
  class space    used 6643K, capacity 6940K, committed 7040K, reserved 1048576K
Event: 79.075 GC heap after
Heap after GC invocations=200 (full 4):
 def new generation   total 22080K, used 1228K [0x00000000f0800000, 0x00000000f1ff0000, 0x00000000f5aa0000)
  eden space 19648K,   0% used [0x00000000f0800000, 0x00000000f0800000, 0x00000000f1b30000)
  from space 2432K,  50% used [0x00000000f1b30000, 0x00000000f1c630b0, 0x00000000f1d90000)
  to   space 2432K,   0% used [0x00000000f1d90000, 0x00000000f1d90000, 0x00000000f1ff0000)
 tenured generation   total 48860K, used 35692K [0x00000000f5aa0000, 0x00000000f8a57000, 0x0000000100000000)
   the space 48860K,  73% used [0x00000000f5aa0000, 0x00000000f7d7b3b8, 0x00000000f7d7b400, 0x00000000f8a57000)
 Metaspace       used 57051K, capacity 58560K, committed 58752K, reserved 1101824K
  class space    used 6643K, capacity 6940K, committed 7040K, reserved 1048576K
}
Event: 82.603 GC heap before
{Heap before GC invocations=200 (full 4):
 def new generation   total 22080K, used 20876K [0x00000000f0800000, 0x00000000f1ff0000, 0x00000000f5aa0000)
  eden space 19648K, 100% used [0x00000000f0800000, 0x00000000f1b30000, 0x00000000f1b30000)
  from space 2432K,  50% used [0x00000000f1b30000, 0x00000000f1c630b0, 0x00000000f1d90000)
  to   space 2432K,   0% used [0x00000000f1d90000, 0x00000000f1d90000, 0x00000000f1ff0000)
 tenured generation   total 48860K, used 35692K [0x00000000f5aa0000, 0x00000000f8a57000, 0x0000000100000000)
   the space 48860K,  73% used [0x00000000f5aa0000, 0x00000000f7d7b3b8, 0x00000000f7d7b400, 0x00000000f8a57000)
 Metaspace       used 57434K, capacity 59068K, committed 59392K, reserved 1101824K
  class space    used 6696K, capacity 7042K, committed 7168K, reserved 1048576K
Event: 82.682 GC heap after
Heap after GC invocations=201 (full 4):
 def new generation   total 22080K, used 2165K [0x00000000f0800000, 0x00000000f1ff0000, 0x00000000f5aa0000)
  eden space 19648K,   0% used [0x00000000f0800000, 0x00000000f0800000, 0x00000000f1b30000)
  from space 2432K,  89% used [0x00000000f1d90000, 0x00000000f1fad710, 0x00000000f1ff0000)
  to   space 2432K,   0% used [0x00000000f1b30000, 0x00000000f1b30000, 0x00000000f1d90000)
 tenured generation   total 48860K, used 35746K [0x00000000f5aa0000, 0x00000000f8a57000, 0x0000000100000000)
   the space 48860K,  73% used [0x00000000f5aa0000, 0x00000000f7d88bc8, 0x00000000f7d88c00, 0x00000000f8a57000)
 Metaspace       used 57434K, capacity 59068K, committed 59392K, reserved 1101824K
  class space    used 6696K, capacity 7042K, committed 7168K, reserved 1048576K
}

